<?xml version="1.0" encoding="UTF-8"?>
<testsuite xmlns:xsi="http://www.w3.org/2001/XMLSchema-instance" xsi:noNamespaceSchemaLocation="https://maven.apache.org/surefire/maven-surefire-plugin/xsd/surefire-test-report-3.0.xsd" version="3.0" name="com.uretim.izleme.IzlemeApplicationTests" time="4.557" tests="1" errors="0" skipped="0" failures="0">
  <properties>
[...]
</properties>
  <testcase name="contextLoads" classname="com.uretim.izleme.IzlemeApplicationTests" time="0.672">
    <system-out><![CDATA[16:41:46.702 [main] INFO org.springframework.test.context.support.AnnotationConfigContextLoaderUtils -- Could not detect default configuration classes for test class [com.uretim.izleme.IzlemeApplicationTests]: IzlemeApplicationTests does not declare any static, non-private, non-final, nested classes annotated with @Configuration.
16:41:46.794 [main] INFO org.springframework.boot.test.context.SpringBootTestContextBootstrapper -- Found @SpringBootConfiguration com.uretim.izleme.IzlemeApplication for test class com.uretim.izleme.IzlemeApplicationTests
16:41:46.979 [main] INFO org.springframework.boot.devtools.restart.RestartApplicationListener -- Restart disabled due to context in which it is running

  .   ____          _            __ _ _
 /\\ / ___'_ __ _ _(_)_ __  __ _ \ \ \ \
( ( )\___ | '_ | '_| | '_ \/ _` | \ \ \ \
 \\/  ___)| |_)| | | | | || (_| |  ) ) ) )
  '  |____| .__|_| |_|_| |_\__, | / / / /
 =========|_|==============|___/=/_/_/_/

 :: Spring Boot ::                (v3.3.2)

2024-09-08T16:41:47.198+03:00  INFO 31460 --- [izleme] [           main] c.uretim.izleme.IzlemeApplicationTests   : Starting IzlemeApplicationTests using Java 17.0.3 with PID 31460 (started by ASUS in D:\URETIM_IZLEME\SPRING_BOOT\izleme)
2024-09-08T16:41:47.200+03:00  INFO 31460 --- [izleme] [           main] c.uretim.izleme.IzlemeApplicationTests   : No active profile set, falling back to 1 default profile: "default"
2024-09-08T16:41:48.058+03:00  INFO 31460 --- [izleme] [           main] .s.d.r.c.RepositoryConfigurationDelegate : Bootstrapping Spring Data MongoDB repositories in DEFAULT mode.
2024-09-08T16:41:48.168+03:00  INFO 31460 --- [izleme] [           main] .s.d.r.c.RepositoryConfigurationDelegate : Finished Spring Data repository scanning in 104 ms. Found 1 MongoDB repository interface.
2024-09-08T16:41:48.263+03:00  INFO 31460 --- [izleme] [           main] faultConfiguringBeanFactoryPostProcessor : No bean named 'errorChannel' has been explicitly defined. Therefore, a default PublishSubscribeChannel will be created.
2024-09-08T16:41:48.269+03:00  INFO 31460 --- [izleme] [           main] faultConfiguringBeanFactoryPostProcessor : No bean named 'integrationHeaderChannelRegistry' has been explicitly defined. Therefore, a default DefaultHeaderChannelRegistry will be created.
2024-09-08T16:41:48.740+03:00  INFO 31460 --- [izleme] [           main] org.mongodb.driver.client                : MongoClient with metadata {"driver": {"name": "mongo-java-driver|sync|spring-boot", "version": "5.0.1"}, "os": {"type": "Windows", "name": "Windows 11", "architecture": "amd64", "version": "10.0"}, "platform": "Java/Eclipse Adoptium/17.0.3+7"} created with settings MongoClientSettings{readPreference=primary, writeConcern=WriteConcern{w=null, wTimeout=null ms, journal=null}, retryWrites=true, retryReads=true, readConcern=ReadConcern{level=null}, credential=MongoCredential{mechanism=null, userName='user', source='admin', password=<hidden>, mechanismProperties=<hidden>}, transportSettings=null, commandListeners=[], codecRegistry=ProvidersCodecRegistry{codecProviders=[ValueCodecProvider{}, BsonValueCodecProvider{}, DBRefCodecProvider{}, DBObjectCodecProvider{}, DocumentCodecProvider{}, CollectionCodecProvider{}, IterableCodecProvider{}, MapCodecProvider{}, GeoJsonCodecProvider{}, GridFSFileCodecProvider{}, Jsr310CodecProvider{}, JsonObjectCodecProvider{}, BsonCodecProvider{}, EnumCodecProvider{}, com.mongodb.client.model.mql.ExpressionCodecProvider@7cdb7fc, com.mongodb.Jep395RecordCodecProvider@524f5ea5, com.mongodb.KotlinCodecProvider@586843bc]}, loggerSettings=LoggerSettings{maxDocumentLength=1000}, clusterSettings={hosts=[localhost:27017], srvServiceName=mongodb, mode=SINGLE, requiredClusterType=UNKNOWN, requiredReplicaSetName='null', serverSelector='null', clusterListeners='[]', serverSelectionTimeout='30000 ms', localThreshold='15 ms'}, socketSettings=SocketSettings{connectTimeoutMS=10000, readTimeoutMS=0, receiveBufferSize=0, proxySettings=ProxySettings{host=null, port=null, username=null, password=null}}, heartbeatSocketSettings=SocketSettings{connectTimeoutMS=10000, readTimeoutMS=10000, receiveBufferSize=0, proxySettings=ProxySettings{host=null, port=null, username=null, password=null}}, connectionPoolSettings=ConnectionPoolSettings{maxSize=100, minSize=0, maxWaitTimeMS=120000, maxConnectionLifeTimeMS=0, maxConnectionIdleTimeMS=0, maintenanceInitialDelayMS=0, maintenanceFrequencyMS=60000, connectionPoolListeners=[], maxConnecting=2}, serverSettings=ServerSettings{heartbeatFrequencyMS=10000, minHeartbeatFrequencyMS=500, serverListeners='[]', serverMonitorListeners='[]'}, sslSettings=SslSettings{enabled=false, invalidHostNameAllowed=false, context=null}, applicationName='null', compressorList=[], uuidRepresentation=JAVA_LEGACY, serverApi=null, autoEncryptionSettings=null, dnsClient=null, inetAddressResolver=null, contextProvider=null}
2024-09-08T16:41:48.793+03:00  INFO 31460 --- [izleme] [localhost:27017] org.mongodb.driver.cluster               : Monitor thread successfully connected to server with description ServerDescription{address=localhost:27017, type=STANDALONE, state=CONNECTED, ok=true, minWireVersion=0, maxWireVersion=21, maxDocumentSize=16777216, logicalSessionTimeoutMinutes=30, roundTripTimeNanos=47932500}
MQTT'ye bağlanıldı ve dummy/data konusuna abone olundu.
2024-09-08T16:41:49.705+03:00  INFO 31460 --- [izleme] [           main] o.s.b.a.w.s.WelcomePageHandlerMapping    : Adding welcome page template: index
2024-09-08T16:41:50.061+03:00  INFO 31460 --- [izleme] [           main] o.s.i.endpoint.EventDrivenConsumer       : Adding {logging-channel-adapter:_org.springframework.integration.errorLogger} as a subscriber to the 'errorChannel' channel
2024-09-08T16:41:50.061+03:00  INFO 31460 --- [izleme] [           main] o.s.i.channel.PublishSubscribeChannel    : Channel 'izleme.errorChannel' has 1 subscriber(s).
2024-09-08T16:41:50.062+03:00  INFO 31460 --- [izleme] [           main] o.s.i.endpoint.EventDrivenConsumer       : started bean '_org.springframework.integration.errorLogger'
2024-09-08T16:41:50.062+03:00  INFO 31460 --- [izleme] [           main] o.s.i.endpoint.EventDrivenConsumer       : Adding {message-handler:handler.serviceActivator} as a subscriber to the 'mqttInputChannel' channel
2024-09-08T16:41:50.062+03:00  INFO 31460 --- [izleme] [           main] o.s.integration.channel.DirectChannel    : Channel 'izleme.mqttInputChannel' has 1 subscriber(s).
2024-09-08T16:41:50.062+03:00  INFO 31460 --- [izleme] [           main] o.s.i.endpoint.EventDrivenConsumer       : started bean 'handler.serviceActivator'
2024-09-08T16:41:50.397+03:00  INFO 31460 --- [izleme] [           main] .m.i.MqttPahoMessageDrivenChannelAdapter : started bean 'inbound'; defined in: 'class path resource [com/uretim/izleme/config/MqttConfig.class]'; from source: 'com.uretim.izleme.config.MqttConfig.inbound()'
2024-09-08T16:41:50.408+03:00  INFO 31460 --- [izleme] [           main] c.uretim.izleme.IzlemeApplicationTests   : Started IzlemeApplicationTests in 3.454 seconds (process running for 4.443)
]]></system-out>
  </testcase>
</testsuite>